<?xml version="1.0" encoding="UTF-8"?>
<testsuites name="Smoke" time="15" tests="2" failures="0" errors="0">
   <testsuite name="Smoke" tests="2" failures="0" errors="0" time="15" timestamp="2018-11-06 22:02:17" hostname="hannahvillota - 10.0.16.122" id="Test Suites/Smoke">
      <properties>
         <property name="deviceName" value=""/>
         <property name="devicePlatform" value=""/>
         <property name="logFolder" value="/tr-development/KatalonProject/Reports/Smoke/20181106_220205"/>
         <property name="logFiles" value="/tr-development/KatalonProject/Reports/Smoke/20181106_220205/execution0.log"/>
         <property name="attachments" value=""/>
         <property name="hostName" value="hannahvillota - 10.0.16.122"/>
         <property name="os" value="Mac OS X 64bit"/>
         <property name="katalonVersion" value="5.8.6.1"/>
         <property name="browser" value="Chrome 70.0.3538.77"/>
         <property name="hostAddress" value="10.0.16.122"/>
         <property name="sessionId" value="9b250b0cdffcb7d56ef9d2dc2646b43f"/>
         <property name="seleniumVersion" value="3.7.1"/>
         <property name="proxyInformation" value="ProxyInformation{proxyOption=NO_PROXY, proxyServerType=HTTP, password=, proxyServerAddress=, proxyServerPort=0}"/>
         <property name="platform" value="Mac OS X"/>
      </properties>
      <testcase name="Test Cases/Login" classname="Test Cases/Login" status="PASSED">
         <system-out><![CDATA[2018-11-06 22:02:17 - [TEST_CASE][PASSED] - Test Cases/Login: Test Cases/Login

2018-11-06 22:02:18 - [TEST_STEP][PASSED] - openBrowser: Browser is opened with url: ''

2018-11-06 22:02:22 - [MESSAGE][PASSED] - Browser is opened with url: ''

2018-11-06 22:02:22 - [TEST_STEP][PASSED] - navigateToUrl: Navigate to 'https://dev-piqstrataportal.tooltwist-project.com/login' successfully

2018-11-06 22:02:24 - [MESSAGE][PASSED] - Navigate to 'https://dev-piqstrataportal.tooltwist-project.com/login' successfully

2018-11-06 22:02:24 - [TEST_STEP][PASSED] - setText: Text 'vi.eliseo+newOwner@tooltwist.com' is set on object 'Object Repository/Page_Login/Login_Email'

2018-11-06 22:02:25 - [MESSAGE][PASSED] - Text 'vi.eliseo+newOwner@tooltwist.com' is set on object 'Object Repository/Page_Login/Login_Email'

2018-11-06 22:02:25 - [TEST_STEP][PASSED] - setText: Text '@access4VIANNE1' is set on object 'Object Repository/Page_Login/Login_Password'

2018-11-06 22:02:25 - [MESSAGE][PASSED] - Text '@access4VIANNE1' is set on object 'Object Repository/Page_Login/Login_Password'

2018-11-06 22:02:25 - [TEST_STEP][PASSED] - click: Object: 'Object Repository/Page_Login/button_Log in' is clicked on

2018-11-06 22:02:25 - [MESSAGE][PASSED] - Object: 'Object Repository/Page_Login/button_Log in' is clicked on

2018-11-06 22:02:25 - [TEST_STEP][PASSED] - click: Object: 'Object Repository/Page_Portal IQ Member-Dashboard-Bui/a_Ms. New Owner' is clicked on

2018-11-06 22:02:31 - [MESSAGE][PASSED] - Object: 'Object Repository/Page_Portal IQ Member-Dashboard-Bui/a_Ms. New Owner' is clicked on]]></system-out>
         <system-err><![CDATA[]]></system-err>
      </testcase>
      <testcase name="Test Cases/Navigation" classname="Test Cases/Navigation" status="PASSED">
         <system-out><![CDATA[2018-11-06 22:02:31 - [TEST_CASE][PASSED] - Test Cases/Navigation: Test Cases/Navigation

2018-11-06 22:02:31 - [TEST_STEP][PASSED] - click: Object: 'Object Repository/Page_Portal IQ Member-Dashboard-Bui/a_FinancialFinancial' is clicked on

2018-11-06 22:02:32 - [MESSAGE][PASSED] - Object: 'Object Repository/Page_Portal IQ Member-Dashboard-Bui/a_FinancialFinancial' is clicked on

2018-11-06 22:02:32 - [TEST_STEP][PASSED] - click: Object: 'Object Repository/Page_Portal IQ Member-Dashboard-Fin/a_LeviesLevies' is clicked on

2018-11-06 22:02:32 - [MESSAGE][PASSED] - Object: 'Object Repository/Page_Portal IQ Member-Dashboard-Fin/a_LeviesLevies' is clicked on

2018-11-06 22:02:32 - [TEST_STEP][PASSED] - click: Object: 'Object Repository/Page_Portal IQ Member-Dashboard-Lev/a_DocumentsDocuments' is clicked on

2018-11-06 22:02:32 - [MESSAGE][PASSED] - Object: 'Object Repository/Page_Portal IQ Member-Dashboard-Lev/a_DocumentsDocuments' is clicked on

2018-11-06 22:02:32 - [TEST_STEP][PASSED] - click: Object: 'Object Repository/Page_Portal IQ Member-Dashboard-Doc/a_MeetingsMeetings' is clicked on

2018-11-06 22:02:32 - [MESSAGE][PASSED] - Object: 'Object Repository/Page_Portal IQ Member-Dashboard-Doc/a_MeetingsMeetings' is clicked on]]></system-out>
         <system-err><![CDATA[]]></system-err>
      </testcase>
      <system-out><![CDATA[2018-11-06 22:02:17 - [TEST_SUITE][PASSED] - Smoke: Test Cases/Navigation]]></system-out>
      <system-err><![CDATA[]]></system-err>
   </testsuite>
</testsuites>
